INFO 2025-08-12 22:35:23,471 autoreload 4736 32056 Watching for file changes with StatReloader
WARNING 2025-08-12 22:35:25,386 log 4736 35960 Not Found: /
WARNING 2025-08-12 22:35:25,387 basehttp 4736 35960 "GET / HTTP/1.1" 404 5096
INFO 2025-08-12 22:35:29,381 basehttp 4736 35960 "GET /admin HTTP/1.1" 301 0
INFO 2025-08-12 22:35:29,410 basehttp 4736 38464 "GET /admin/ HTTP/1.1" 302 0
INFO 2025-08-12 22:35:29,615 basehttp 4736 38464 "GET /admin/login/?next=/admin/ HTTP/1.1" 200 4184
INFO 2025-08-12 22:35:29,845 basehttp 4736 38464 "GET /static/admin/css/base.css HTTP/1.1" 200 22120
INFO 2025-08-12 22:35:29,861 basehttp 4736 28964 "GET /static/admin/css/login.css HTTP/1.1" 200 951
INFO 2025-08-12 22:35:29,863 basehttp 4736 1368 "GET /static/admin/css/responsive.css HTTP/1.1" 200 16565
INFO 2025-08-12 22:35:29,866 basehttp 4736 14900 "GET /static/admin/css/dark_mode.css HTTP/1.1" 200 2808
INFO 2025-08-12 22:35:29,867 basehttp 4736 2204 "GET /static/admin/css/nav_sidebar.css HTTP/1.1" 200 2810
INFO 2025-08-12 22:35:29,876 basehttp 4736 28904 "GET /static/admin/js/theme.js HTTP/1.1" 200 1653
INFO 2025-08-12 22:35:29,893 basehttp 4736 2204 "GET /static/admin/js/nav_sidebar.js HTTP/1.1" 200 3063
INFO 2025-08-12 22:35:36,775 basehttp 4736 2204 "POST /admin/login/?next=/admin/ HTTP/1.1" 200 4349
INFO 2025-08-14 16:51:35,575 autoreload 23916 14972 Watching for file changes with StatReloader
WARNING 2025-08-14 16:51:39,330 log 23916 27828 Not Found: /
WARNING 2025-08-14 16:51:39,331 basehttp 23916 27828 "GET / HTTP/1.1" 404 5096
WARNING 2025-08-14 16:51:39,680 log 23916 27828 Not Found: /favicon.ico
WARNING 2025-08-14 16:51:39,682 basehttp 23916 27828 "GET /favicon.ico HTTP/1.1" 404 5147
INFO 2025-08-14 16:51:50,027 basehttp 23916 27828 "GET /admin/services/order/ HTTP/1.1" 302 0
INFO 2025-08-14 16:51:50,206 basehttp 23916 27828 "GET /admin/login/?next=/admin/services/order/ HTTP/1.1" 200 4214
INFO 2025-08-14 16:51:50,460 basehttp 23916 19068 "GET /static/admin/css/dark_mode.css HTTP/1.1" 200 2808
INFO 2025-08-14 16:51:50,461 basehttp 23916 27360 "GET /static/admin/css/responsive.css HTTP/1.1" 200 16565
INFO 2025-08-14 16:51:50,462 basehttp 23916 27828 "GET /static/admin/css/base.css HTTP/1.1" 200 22120
INFO 2025-08-14 16:51:50,464 basehttp 23916 20368 "GET /static/admin/css/login.css HTTP/1.1" 200 951
INFO 2025-08-14 16:51:50,465 basehttp 23916 27404 "GET /static/admin/css/nav_sidebar.css HTTP/1.1" 200 2810
INFO 2025-08-14 16:51:50,482 basehttp 23916 5680 "GET /static/admin/js/theme.js HTTP/1.1" 200 1653
INFO 2025-08-14 16:51:50,489 basehttp 23916 27404 "GET /static/admin/js/nav_sidebar.js HTTP/1.1" 200 3063
INFO 2025-08-14 16:51:54,824 basehttp 23916 27404 "GET /admin HTTP/1.1" 301 0
INFO 2025-08-14 16:51:54,831 basehttp 23916 5680 "GET /admin/ HTTP/1.1" 302 0
INFO 2025-08-14 16:51:54,841 basehttp 23916 5680 "GET /admin/login/?next=/admin/ HTTP/1.1" 200 4184
INFO 2025-08-14 16:52:10,139 basehttp 23916 5680 "POST /admin/login/?next=/admin/ HTTP/1.1" 302 0
INFO 2025-08-14 16:52:10,189 basehttp 23916 5680 "GET /admin/ HTTP/1.1" 200 12040
INFO 2025-08-14 16:52:10,258 basehttp 23916 5680 "GET /static/admin/css/dashboard.css HTTP/1.1" 200 441
INFO 2025-08-14 16:52:10,276 basehttp 23916 20368 "GET /static/admin/img/icon-addlink.svg HTTP/1.1" 200 331
INFO 2025-08-14 16:52:10,282 basehttp 23916 5680 "GET /static/admin/img/icon-changelink.svg HTTP/1.1" 200 380
INFO 2025-08-14 16:52:17,128 basehttp 23916 5680 "GET /admin/custom_auth/user/ HTTP/1.1" 200 19883
INFO 2025-08-14 16:52:17,209 basehttp 23916 5680 "GET /static/admin/css/changelists.css HTTP/1.1" 200 6878
INFO 2025-08-14 16:52:17,225 basehttp 23916 20368 "GET /static/admin/css/forms.css HTTP/1.1" 200 8525
INFO 2025-08-14 16:52:17,239 basehttp 23916 19068 "GET /static/admin/js/jquery.init.js HTTP/1.1" 200 347
INFO 2025-08-14 16:52:17,257 basehttp 23916 17856 "GET /static/admin/js/core.js HTTP/1.1" 200 6208
INFO 2025-08-14 16:52:17,260 basehttp 23916 27828 "GET /admin/jsi18n/ HTTP/1.1" 200 3342
INFO 2025-08-14 16:52:17,281 basehttp 23916 19068 "GET /static/admin/js/urlify.js HTTP/1.1" 200 7887
INFO 2025-08-14 16:52:17,284 basehttp 23916 19068 "GET /static/admin/css/widgets.css HTTP/1.1" 200 11991
INFO 2025-08-14 16:52:17,288 basehttp 23916 5680 "GET /static/admin/js/admin/RelatedObjectLookups.js HTTP/1.1" 200 9777
INFO 2025-08-14 16:52:17,291 basehttp 23916 17856 "GET /static/admin/js/prepopulate.js HTTP/1.1" 200 1531
INFO 2025-08-14 16:52:17,291 basehttp 23916 20368 "GET /static/admin/js/actions.js HTTP/1.1" 200 8076
INFO 2025-08-14 16:52:17,301 basehttp 23916 19068 "GET /static/admin/img/search.svg HTTP/1.1" 200 458
INFO 2025-08-14 16:52:17,317 basehttp 23916 27360 "GET /static/admin/js/vendor/jquery/jquery.js HTTP/1.1" 200 285314
INFO 2025-08-14 16:52:17,339 basehttp 23916 27360 "GET /static/admin/js/filters.js HTTP/1.1" 200 978
INFO 2025-08-14 16:52:17,386 basehttp 23916 27828 "GET /static/admin/js/vendor/xregexp/xregexp.js HTTP/1.1" 200 325171
INFO 2025-08-14 16:52:17,415 basehttp 23916 27828 "GET /static/admin/img/tooltag-add.svg HTTP/1.1" 200 331
INFO 2025-08-14 16:52:17,416 basehttp 23916 19068 "GET /static/admin/img/icon-viewlink.svg HTTP/1.1" 200 581
INFO 2025-08-14 16:52:17,416 basehttp 23916 27360 "GET /static/admin/img/sorting-icons.svg HTTP/1.1" 200 1097
INFO 2025-08-14 16:52:19,169 basehttp 23916 27360 "GET /admin/custom_auth/user/1/change/ HTTP/1.1" 200 30677
INFO 2025-08-14 16:52:19,239 basehttp 23916 27360 "GET /admin/jsi18n/ HTTP/1.1" 200 3342
INFO 2025-08-14 16:52:19,260 basehttp 23916 20368 "GET /static/admin/js/prepopulate_init.js HTTP/1.1" 200 586
INFO 2025-08-14 16:52:19,267 basehttp 23916 27828 "GET /static/admin/js/SelectFilter2.js HTTP/1.1" 200 15845
INFO 2025-08-14 16:52:19,268 basehttp 23916 19068 "GET /static/admin/js/SelectBox.js HTTP/1.1" 200 4530
INFO 2025-08-14 16:52:19,318 basehttp 23916 19068 "GET /static/admin/js/change_form.js HTTP/1.1" 200 606
INFO 2025-08-14 16:52:19,409 basehttp 23916 19068 "GET /static/admin/img/selector-icons.svg HTTP/1.1" 200 3291
INFO 2025-08-14 16:53:03,967 basehttp 23916 19068 "POST /admin/custom_auth/user/1/change/ HTTP/1.1" 302 0
INFO 2025-08-14 16:53:03,994 basehttp 23916 19068 "GET /admin/custom_auth/user/ HTTP/1.1" 200 20125
INFO 2025-08-14 16:53:04,111 basehttp 23916 19068 "GET /admin/jsi18n/ HTTP/1.1" 200 3342
INFO 2025-08-14 16:53:04,176 basehttp 23916 19068 "GET /static/admin/img/icon-yes.svg HTTP/1.1" 200 436
INFO 2025-08-14 16:53:06,317 basehttp 23916 19068 "GET /admin/custom_auth/user/1/change/ HTTP/1.1" 200 30724
INFO 2025-08-14 16:53:06,401 basehttp 23916 19068 "GET /admin/jsi18n/ HTTP/1.1" 200 3342
INFO 2025-08-14 16:53:16,627 basehttp 23916 19068 "GET /admin/authtoken/tokenproxy/ HTTP/1.1" 200 12340
INFO 2025-08-14 16:53:18,994 basehttp 23916 19068 "GET /admin/custom_auth/emailverificationtoken/ HTTP/1.1" 200 14453
INFO 2025-08-14 16:53:19,053 basehttp 23916 19068 "GET /admin/jsi18n/ HTTP/1.1" 200 3342
INFO 2025-08-14 16:53:21,028 basehttp 23916 19068 "GET /admin/custom_auth/passwordresettoken/ HTTP/1.1" 200 14433
INFO 2025-08-14 16:53:21,094 basehttp 23916 19068 "GET /admin/jsi18n/ HTTP/1.1" 200 3342
INFO 2025-08-14 16:53:22,719 basehttp 23916 19068 "GET /admin/custom_auth/user/ HTTP/1.1" 200 19890
INFO 2025-08-14 16:53:22,786 basehttp 23916 19068 "GET /admin/jsi18n/ HTTP/1.1" 200 3342
INFO 2025-08-14 16:53:32,424 basehttp 23916 19068 "GET /admin/custom_auth/user/add/ HTTP/1.1" 200 19196
INFO 2025-08-14 16:53:32,505 basehttp 23916 19068 "GET /admin/jsi18n/ HTTP/1.1" 200 3342
INFO 2025-08-14 16:53:41,850 basehttp 23916 19068 "GET /admin/custom_auth/user/ HTTP/1.1" 200 19890
INFO 2025-08-14 16:53:46,276 basehttp 23916 19068 "GET /admin/services/orderitem/ HTTP/1.1" 200 13179
INFO 2025-08-14 16:53:46,338 basehttp 23916 19068 "GET /admin/jsi18n/ HTTP/1.1" 200 3342
INFO 2025-08-14 16:53:47,578 basehttp 23916 19068 "GET /admin/services/orderitem/add/ HTTP/1.1" 200 41324
INFO 2025-08-14 16:53:47,650 basehttp 23916 19068 "GET /admin/jsi18n/ HTTP/1.1" 200 3342
INFO 2025-08-14 16:53:52,562 basehttp 23916 19068 "GET /admin/services/order/ HTTP/1.1" 200 14464
INFO 2025-08-14 16:53:52,633 basehttp 23916 19068 "GET /admin/jsi18n/ HTTP/1.1" 200 3342
INFO 2025-08-14 16:53:53,626 basehttp 23916 19068 "GET /admin/services/order/add/ HTTP/1.1" 200 36170
INFO 2025-08-14 16:53:53,712 basehttp 23916 19068 "GET /admin/jsi18n/ HTTP/1.1" 200 3342
INFO 2025-08-14 16:53:53,745 basehttp 23916 27828 "GET /static/admin/js/inlines.js HTTP/1.1" 200 15628
INFO 2025-08-14 16:53:53,779 basehttp 23916 27828 "GET /static/admin/img/icon-deletelink.svg HTTP/1.1" 200 392
INFO 2025-08-14 16:53:53,798 basehttp 23916 27828 "GET /static/admin/img/icon-unknown.svg HTTP/1.1" 200 655
INFO 2025-08-14 16:54:15,334 basehttp 23916 27828 "GET /static/admin/img/inline-delete.svg HTTP/1.1" 200 537
INFO 2025-08-14 16:58:14,279 autoreload 25284 20260 Watching for file changes with StatReloader
INFO 2025-08-14 16:58:44,426 autoreload 23180 18096 Watching for file changes with StatReloader
WARNING 2025-08-14 16:58:46,316 log 23180 17844 Not Found: /
WARNING 2025-08-14 16:58:46,317 basehttp 23180 17844 "GET / HTTP/1.1" 404 5096
INFO 2025-08-14 16:58:49,687 basehttp 23180 17844 "GET /admin/ HTTP/1.1" 200 12456
INFO 2025-08-14 16:58:52,918 basehttp 23180 17844 "GET /admin/services/typeservice/ HTTP/1.1" 200 13908
INFO 2025-08-14 16:58:53,009 basehttp 23180 17844 "GET /admin/jsi18n/ HTTP/1.1" 200 3342
INFO 2025-08-14 17:53:27,131 autoreload 30976 1908 Watching for file changes with StatReloader
WARNING 2025-08-14 17:53:29,317 log 30976 31136 Not Found: /
WARNING 2025-08-14 17:53:29,319 basehttp 30976 31136 "GET / HTTP/1.1" 404 5096
INFO 2025-08-14 17:53:33,296 basehttp 30976 31136 "GET /admin/ HTTP/1.1" 200 12456
INFO 2025-08-14 17:53:35,648 basehttp 30976 31136 "GET /admin/services/typeservice/ HTTP/1.1" 200 21112
INFO 2025-08-14 17:53:35,738 basehttp 30976 31136 "GET /admin/jsi18n/ HTTP/1.1" 200 3342
INFO 2025-08-14 17:53:39,483 basehttp 30976 31136 "GET /admin/services/typeservice/1/change/ HTTP/1.1" 200 20425
INFO 2025-08-14 17:53:39,562 basehttp 30976 31136 "GET /admin/jsi18n/ HTTP/1.1" 200 3342
INFO 2025-08-14 17:54:08,527 basehttp 30976 31136 "POST /admin/services/typeservice/1/change/ HTTP/1.1" 302 0
INFO 2025-08-14 17:54:08,568 basehttp 30976 31136 "GET /admin/services/typeservice/ HTTP/1.1" 200 21336
INFO 2025-08-14 17:54:08,650 basehttp 30976 31136 "GET /admin/jsi18n/ HTTP/1.1" 200 3342
INFO 2025-08-14 17:54:15,674 basehttp 30976 31136 "GET /admin/services/typeservice/2/change/ HTTP/1.1" 200 20438
INFO 2025-08-14 17:54:15,738 basehttp 30976 31136 "GET /admin/jsi18n/ HTTP/1.1" 200 3342
INFO 2025-08-14 17:54:24,657 basehttp 30976 31136 "POST /admin/services/typeservice/2/change/ HTTP/1.1" 302 0
INFO 2025-08-14 17:54:24,694 basehttp 30976 31136 "GET /admin/services/typeservice/ HTTP/1.1" 200 21337
INFO 2025-08-14 17:54:24,783 basehttp 30976 31136 "GET /admin/jsi18n/ HTTP/1.1" 200 3342
INFO 2025-08-14 17:54:30,281 basehttp 30976 31136 "GET /admin/services/typeservice/4/change/ HTTP/1.1" 200 20419
INFO 2025-08-14 17:54:30,355 basehttp 30976 31136 "GET /admin/jsi18n/ HTTP/1.1" 200 3342
INFO 2025-08-14 17:54:38,093 basehttp 30976 31136 "POST /admin/services/typeservice/4/change/ HTTP/1.1" 302 0
INFO 2025-08-14 17:54:38,131 basehttp 30976 31136 "GET /admin/services/typeservice/ HTTP/1.1" 200 21333
INFO 2025-08-14 17:54:38,210 basehttp 30976 31136 "GET /admin/jsi18n/ HTTP/1.1" 200 3342
INFO 2025-08-14 18:00:41,172 basehttp 30976 8136 "GET /admin/services/typeservice/3/change/ HTTP/1.1" 200 20424
INFO 2025-08-14 18:00:41,300 basehttp 30976 8136 "GET /admin/jsi18n/ HTTP/1.1" 200 3342
INFO 2025-08-14 18:00:50,991 basehttp 30976 8136 "POST /admin/services/typeservice/3/change/ HTTP/1.1" 302 0
INFO 2025-08-14 18:00:51,025 basehttp 30976 8136 "GET /admin/services/typeservice/ HTTP/1.1" 200 21335
INFO 2025-08-14 18:00:51,156 basehttp 30976 8136 "GET /admin/jsi18n/ HTTP/1.1" 200 3342
INFO 2025-08-14 18:00:52,812 basehttp 30976 8136 "GET /admin/services/typeservice/5/change/ HTTP/1.1" 200 20432
INFO 2025-08-14 18:00:52,891 basehttp 30976 8136 "GET /admin/jsi18n/ HTTP/1.1" 200 3342
INFO 2025-08-14 18:01:16,764 basehttp 30976 8136 "POST /admin/services/typeservice/5/change/ HTTP/1.1" 302 0
INFO 2025-08-14 18:01:16,801 basehttp 30976 8136 "GET /admin/services/typeservice/ HTTP/1.1" 200 21336
INFO 2025-08-14 18:01:16,883 basehttp 30976 8136 "GET /admin/jsi18n/ HTTP/1.1" 200 3342
INFO 2025-08-14 18:01:26,082 basehttp 30976 8136 "GET /admin/services/companyconfiguration/ HTTP/1.1" 200 11995
INFO 2025-08-14 18:01:27,307 basehttp 30976 8136 "GET /admin/services/companyconfiguration/add/ HTTP/1.1" 200 20114
INFO 2025-08-14 18:01:27,379 basehttp 30976 8136 "GET /admin/jsi18n/ HTTP/1.1" 200 3342
INFO 2025-08-14 18:03:38,286 basehttp 30976 8136 "POST /admin/services/companyconfiguration/add/ HTTP/1.1" 302 0
INFO 2025-08-14 18:03:38,314 basehttp 30976 8136 "GET /admin/services/companyconfiguration/ HTTP/1.1" 200 13006
INFO 2025-08-14 18:03:59,681 basehttp 30976 8136 "GET /admin/services/typeservice/ HTTP/1.1" 200 20988
INFO 2025-08-14 18:03:59,777 basehttp 30976 8136 "GET /admin/jsi18n/ HTTP/1.1" 200 3342
INFO 2025-08-14 18:04:06,486 basehttp 30976 8136 "GET /admin/authtoken/tokenproxy/ HTTP/1.1" 200 12216
INFO 2025-08-14 18:06:44,381 basehttp 30976 8136 "GET /admin/authtoken/tokenproxy/ HTTP/1.1" 200 12216
INFO 2025-08-14 18:06:49,663 basehttp 30976 8136 "GET /admin/services/companyconfiguration/ HTTP/1.1" 200 12769
INFO 2025-08-14 18:06:52,896 basehttp 30976 8136 "GET /admin/services/companyconfiguration/1/change/ HTTP/1.1" 200 22292
INFO 2025-08-14 18:06:52,982 basehttp 30976 8136 "GET /admin/jsi18n/ HTTP/1.1" 200 3342
WARNING 2025-08-14 19:26:04,615 log 30976 29956 Not Found: /api/homepage/
WARNING 2025-08-14 19:26:04,619 log 30976 31488 Not Found: /api/homepage/
WARNING 2025-08-14 19:26:04,620 basehttp 30976 29956 "GET /api/homepage/ HTTP/1.1" 404 5153
WARNING 2025-08-14 19:26:04,620 basehttp 30976 31488 "GET /api/homepage/ HTTP/1.1" 404 5153
WARNING 2025-08-14 19:27:21,316 log 30976 31488 Not Found: /api/homepage/
WARNING 2025-08-14 19:27:21,317 basehttp 30976 31488 "GET /api/homepage/ HTTP/1.1" 404 5153
WARNING 2025-08-14 19:27:21,325 log 30976 29956 Not Found: /api/homepage/
WARNING 2025-08-14 19:27:21,326 basehttp 30976 29956 "GET /api/homepage/ HTTP/1.1" 404 5153
WARNING 2025-08-14 19:28:50,064 log 30976 29956 Not Found: /api/homepage/
WARNING 2025-08-14 19:28:50,064 basehttp 30976 29956 "GET /api/homepage/ HTTP/1.1" 404 5153
WARNING 2025-08-14 19:28:50,073 log 30976 31488 Not Found: /api/homepage/
WARNING 2025-08-14 19:28:50,074 basehttp 30976 31488 "GET /api/homepage/ HTTP/1.1" 404 5153
INFO 2025-08-14 19:30:47,888 autoreload 33784 22328 Watching for file changes with StatReloader
INFO 2025-08-14 19:35:12,312 autoreload 33784 22328 C:\Users\RogSt\Desktop\AGAH_Solutions\backend\services\views.py changed, reloading.
INFO 2025-08-14 19:35:13,385 autoreload 32904 32460 Watching for file changes with StatReloader
INFO 2025-08-14 19:35:16,227 autoreload 32904 32460 C:\Users\RogSt\Desktop\AGAH_Solutions\backend\services\views.py changed, reloading.
INFO 2025-08-14 19:35:17,314 autoreload 384 33448 Watching for file changes with StatReloader
INFO 2025-08-14 19:35:21,010 autoreload 384 33448 C:\Users\RogSt\Desktop\AGAH_Solutions\backend\services\views.py changed, reloading.
INFO 2025-08-14 19:35:21,988 autoreload 33788 29820 Watching for file changes with StatReloader
INFO 2025-08-14 19:35:24,673 autoreload 33788 29820 C:\Users\RogSt\Desktop\AGAH_Solutions\backend\services\views.py changed, reloading.
INFO 2025-08-14 19:35:25,764 autoreload 23912 32776 Watching for file changes with StatReloader
INFO 2025-08-14 19:35:43,309 autoreload 23912 32776 C:\Users\RogSt\Desktop\AGAH_Solutions\backend\services\urls.py changed, reloading.
INFO 2025-08-14 19:35:44,568 autoreload 31152 32372 Watching for file changes with StatReloader
INFO 2025-08-14 19:35:47,167 autoreload 31152 32372 C:\Users\RogSt\Desktop\AGAH_Solutions\backend\services\urls.py changed, reloading.
INFO 2025-08-14 19:35:48,226 autoreload 7152 30808 Watching for file changes with StatReloader
INFO 2025-08-14 19:36:18,927 autoreload 6048 32876 Watching for file changes with StatReloader
INFO 2025-08-14 19:36:25,058 basehttp 6048 30428 "GET /api/homepage/ HTTP/1.1" 200 5922
INFO 2025-08-14 19:36:25,351 basehttp 6048 30428 "GET /static/rest_framework/css/bootstrap.min.css HTTP/1.1" 200 121457
INFO 2025-08-14 19:36:25,358 basehttp 6048 23572 "GET /static/rest_framework/css/bootstrap-tweaks.css HTTP/1.1" 200 3426
INFO 2025-08-14 19:36:25,370 basehttp 6048 33736 "GET /static/rest_framework/css/default.css HTTP/1.1" 200 1152
INFO 2025-08-14 19:36:25,373 basehttp 6048 9752 "GET /static/rest_framework/css/prettify.css HTTP/1.1" 200 817
INFO 2025-08-14 19:36:25,400 basehttp 6048 30428 "GET /static/rest_framework/js/csrf.js HTTP/1.1" 200 1793
INFO 2025-08-14 19:36:25,413 basehttp 6048 9752 "GET /static/rest_framework/js/default.js HTTP/1.1" 200 1268
INFO 2025-08-14 19:36:25,414 basehttp 6048 28800 "GET /static/rest_framework/js/ajax-form.js HTTP/1.1" 200 3796
INFO 2025-08-14 19:36:25,424 basehttp 6048 30428 "GET /static/rest_framework/js/load-ajax-form.js HTTP/1.1" 200 59
INFO 2025-08-14 19:36:25,426 basehttp 6048 28800 "GET /static/rest_framework/img/grid.png HTTP/1.1" 200 1458
INFO 2025-08-14 19:36:25,436 basehttp 6048 33736 "GET /static/rest_framework/js/prettify-min.js HTTP/1.1" 200 13632
INFO 2025-08-14 19:36:25,443 basehttp 6048 23572 "GET /static/rest_framework/js/bootstrap.min.js HTTP/1.1" 200 39680
INFO 2025-08-14 19:36:25,486 basehttp 6048 28932 "GET /static/rest_framework/js/jquery-3.7.1.min.js HTTP/1.1" 200 87533
WARNING 2025-08-14 19:36:25,734 log 6048 28932 Not Found: /favicon.ico
WARNING 2025-08-14 19:36:25,734 basehttp 6048 28932 "GET /favicon.ico HTTP/1.1" 404 5415
INFO 2025-08-14 19:36:29,804 basehttp 6048 26208 "GET /api/homepage/ HTTP/1.1" 200 324
INFO 2025-08-14 19:36:29,814 basehttp 6048 33036 "GET /api/homepage/ HTTP/1.1" 200 324
INFO 2025-08-14 19:39:06,667 basehttp 6048 32316 "GET /api/homepage/ HTTP/1.1" 200 324
INFO 2025-08-14 19:39:06,672 basehttp 6048 4008 "GET /api/homepage/ HTTP/1.1" 200 324
INFO 2025-08-14 19:39:30,998 basehttp 6048 4008 "GET /api/homepage/ HTTP/1.1" 200 324
INFO 2025-08-14 19:39:31,004 basehttp 6048 4008 "GET /api/homepage/ HTTP/1.1" 200 324
INFO 2025-08-14 19:40:12,227 basehttp 6048 28932 "GET /admin/services/typeservice/ HTTP/1.1" 200 20988
INFO 2025-08-14 19:40:12,351 basehttp 6048 28932 "GET /admin/jsi18n/ HTTP/1.1" 200 3342
WARNING 2025-08-14 19:40:12,686 log 6048 28932 Not Found: /favicon.ico
WARNING 2025-08-14 19:40:12,687 basehttp 6048 28932 "GET /favicon.ico HTTP/1.1" 404 5415
INFO 2025-08-14 19:40:15,714 basehttp 6048 28932 "GET /admin/services/typeservice/1/change/ HTTP/1.1" 200 20618
INFO 2025-08-14 19:40:15,804 basehttp 6048 28932 "GET /admin/jsi18n/ HTTP/1.1" 200 3342
INFO 2025-08-14 19:43:03,469 autoreload 6048 32876 C:\Users\RogSt\Desktop\AGAH_Solutions\backend\services\models.py changed, reloading.
INFO 2025-08-14 19:43:04,470 autoreload 22340 32424 Watching for file changes with StatReloader
INFO 2025-08-14 19:44:30,137 autoreload 22340 32424 C:\Users\RogSt\Desktop\AGAH_Solutions\backend\services\views.py changed, reloading.
INFO 2025-08-14 19:44:31,405 autoreload 32188 24668 Watching for file changes with StatReloader
INFO 2025-08-14 19:45:53,735 autoreload 32188 24668 C:\Users\RogSt\Desktop\AGAH_Solutions\backend\services\admin.py changed, reloading.
INFO 2025-08-14 19:45:54,795 autoreload 33484 31716 Watching for file changes with StatReloader
INFO 2025-08-14 19:45:56,389 autoreload 33484 31716 C:\Users\RogSt\Desktop\AGAH_Solutions\backend\services\admin.py changed, reloading.
INFO 2025-08-14 19:45:57,503 autoreload 31896 1036 Watching for file changes with StatReloader
INFO 2025-08-14 19:46:41,709 autoreload 31896 1036 C:\Users\RogSt\Desktop\AGAH_Solutions\backend\services\admin.py changed, reloading.
INFO 2025-08-14 19:46:42,773 autoreload 18400 20344 Watching for file changes with StatReloader
INFO 2025-08-14 19:46:53,867 autoreload 18400 20344 C:\Users\RogSt\Desktop\AGAH_Solutions\backend\services\admin.py changed, reloading.
INFO 2025-08-14 19:46:54,806 autoreload 7228 31312 Watching for file changes with StatReloader
INFO 2025-08-14 19:46:57,215 autoreload 7228 31312 C:\Users\RogSt\Desktop\AGAH_Solutions\backend\services\admin.py changed, reloading.
INFO 2025-08-14 19:46:58,152 autoreload 2268 31900 Watching for file changes with StatReloader
INFO 2025-08-14 19:47:01,598 autoreload 2268 31900 C:\Users\RogSt\Desktop\AGAH_Solutions\backend\services\admin.py changed, reloading.
INFO 2025-08-14 19:47:02,621 autoreload 20580 20564 Watching for file changes with StatReloader
INFO 2025-08-14 19:47:16,908 autoreload 20580 20564 C:\Users\RogSt\Desktop\AGAH_Solutions\backend\services\admin.py changed, reloading.
INFO 2025-08-14 19:47:17,900 autoreload 22484 20904 Watching for file changes with StatReloader
INFO 2025-08-14 19:47:47,977 autoreload 22484 20904 C:\Users\RogSt\Desktop\AGAH_Solutions\backend\services\admin.py changed, reloading.
INFO 2025-08-14 19:47:48,979 autoreload 24736 32468 Watching for file changes with StatReloader
INFO 2025-08-14 19:47:51,366 autoreload 24736 32468 C:\Users\RogSt\Desktop\AGAH_Solutions\backend\services\admin.py changed, reloading.
INFO 2025-08-14 19:47:52,374 autoreload 30140 23808 Watching for file changes with StatReloader
INFO 2025-08-14 19:49:12,327 autoreload 30140 23808 C:\Users\RogSt\Desktop\AGAH_Solutions\backend\services\admin.py changed, reloading.
INFO 2025-08-14 19:49:13,369 autoreload 28376 19468 Watching for file changes with StatReloader
INFO 2025-08-14 19:49:15,952 autoreload 28376 19468 C:\Users\RogSt\Desktop\AGAH_Solutions\backend\services\admin.py changed, reloading.
INFO 2025-08-14 19:49:16,979 autoreload 13336 27040 Watching for file changes with StatReloader
INFO 2025-08-14 19:49:30,358 autoreload 13336 27040 C:\Users\RogSt\Desktop\AGAH_Solutions\backend\services\admin.py changed, reloading.
INFO 2025-08-14 19:49:31,408 autoreload 30328 14036 Watching for file changes with StatReloader
INFO 2025-08-14 19:50:43,931 autoreload 30328 14036 C:\Users\RogSt\Desktop\AGAH_Solutions\backend\services\admin.py changed, reloading.
INFO 2025-08-14 19:50:45,000 autoreload 28636 6448 Watching for file changes with StatReloader
INFO 2025-08-14 19:50:49,742 autoreload 28636 6448 C:\Users\RogSt\Desktop\AGAH_Solutions\backend\services\admin.py changed, reloading.
INFO 2025-08-14 19:50:50,988 autoreload 18560 5336 Watching for file changes with StatReloader
INFO 2025-08-14 19:50:57,999 autoreload 18560 5336 C:\Users\RogSt\Desktop\AGAH_Solutions\backend\services\admin.py changed, reloading.
INFO 2025-08-14 19:50:58,977 autoreload 22316 30040 Watching for file changes with StatReloader
INFO 2025-08-14 19:51:03,702 autoreload 22316 30040 C:\Users\RogSt\Desktop\AGAH_Solutions\backend\services\admin.py changed, reloading.
INFO 2025-08-14 19:51:04,638 autoreload 25196 33784 Watching for file changes with StatReloader
INFO 2025-08-14 19:51:09,411 autoreload 25196 33784 C:\Users\RogSt\Desktop\AGAH_Solutions\backend\services\admin.py changed, reloading.
INFO 2025-08-14 19:51:10,369 autoreload 17508 31720 Watching for file changes with StatReloader
INFO 2025-08-14 19:51:16,271 autoreload 17508 31720 C:\Users\RogSt\Desktop\AGAH_Solutions\backend\services\admin.py changed, reloading.
INFO 2025-08-14 19:51:17,502 autoreload 27408 10672 Watching for file changes with StatReloader
INFO 2025-08-14 19:51:22,424 autoreload 27408 10672 C:\Users\RogSt\Desktop\AGAH_Solutions\backend\services\admin.py changed, reloading.
INFO 2025-08-14 19:51:23,501 autoreload 26948 8144 Watching for file changes with StatReloader
INFO 2025-08-14 19:51:29,436 autoreload 26948 8144 C:\Users\RogSt\Desktop\AGAH_Solutions\backend\services\admin.py changed, reloading.
INFO 2025-08-14 19:51:30,678 autoreload 32176 16408 Watching for file changes with StatReloader
INFO 2025-08-14 19:51:37,567 autoreload 32176 16408 C:\Users\RogSt\Desktop\AGAH_Solutions\backend\services\admin.py changed, reloading.
INFO 2025-08-14 19:51:38,745 autoreload 27828 25864 Watching for file changes with StatReloader
INFO 2025-08-14 19:51:46,850 autoreload 27828 25864 C:\Users\RogSt\Desktop\AGAH_Solutions\backend\services\admin.py changed, reloading.
INFO 2025-08-14 19:51:48,107 autoreload 30476 24384 Watching for file changes with StatReloader
INFO 2025-08-14 19:51:52,861 autoreload 30476 24384 C:\Users\RogSt\Desktop\AGAH_Solutions\backend\services\admin.py changed, reloading.
INFO 2025-08-14 19:51:54,217 autoreload 33584 13944 Watching for file changes with StatReloader
INFO 2025-08-14 19:51:59,045 autoreload 33584 13944 C:\Users\RogSt\Desktop\AGAH_Solutions\backend\services\admin.py changed, reloading.
INFO 2025-08-14 19:52:00,306 autoreload 19468 23916 Watching for file changes with StatReloader
INFO 2025-08-14 19:52:05,182 autoreload 19468 23916 C:\Users\RogSt\Desktop\AGAH_Solutions\backend\services\admin.py changed, reloading.
INFO 2025-08-14 19:52:06,711 autoreload 28884 21832 Watching for file changes with StatReloader
INFO 2025-08-14 19:52:08,487 autoreload 28884 21832 C:\Users\RogSt\Desktop\AGAH_Solutions\backend\services\models.py changed, reloading.
INFO 2025-08-14 19:52:10,276 autoreload 32396 29480 Watching for file changes with StatReloader
INFO 2025-08-14 19:52:12,003 autoreload 32396 29480 C:\Users\RogSt\Desktop\AGAH_Solutions\backend\services\models.py changed, reloading.
INFO 2025-08-14 19:52:13,024 autoreload 31472 27040 Watching for file changes with StatReloader
INFO 2025-08-14 19:52:14,642 autoreload 31472 27040 C:\Users\RogSt\Desktop\AGAH_Solutions\backend\services\models.py changed, reloading.
INFO 2025-08-14 19:52:16,021 autoreload 28720 23640 Watching for file changes with StatReloader
INFO 2025-08-14 19:52:17,781 autoreload 28720 23640 C:\Users\RogSt\Desktop\AGAH_Solutions\backend\services\admin.py changed, reloading.
INFO 2025-08-14 19:52:18,836 autoreload 26752 31256 Watching for file changes with StatReloader
INFO 2025-08-14 19:52:23,572 autoreload 26752 31256 C:\Users\RogSt\Desktop\AGAH_Solutions\backend\services\admin.py changed, reloading.
INFO 2025-08-14 19:52:24,606 autoreload 23916 32504 Watching for file changes with StatReloader
INFO 2025-08-14 19:52:29,290 autoreload 23916 32504 C:\Users\RogSt\Desktop\AGAH_Solutions\backend\services\admin.py changed, reloading.
INFO 2025-08-14 19:52:30,399 autoreload 33732 32260 Watching for file changes with StatReloader
INFO 2025-08-14 19:52:34,025 autoreload 33732 32260 C:\Users\RogSt\Desktop\AGAH_Solutions\backend\services\admin.py changed, reloading.
INFO 2025-08-14 19:52:34,992 autoreload 22656 32084 Watching for file changes with StatReloader
INFO 2025-08-14 19:52:47,140 autoreload 22656 32084 C:\Users\RogSt\Desktop\AGAH_Solutions\backend\services\admin.py changed, reloading.
INFO 2025-08-14 19:52:48,141 autoreload 30864 17472 Watching for file changes with StatReloader
INFO 2025-08-14 19:52:53,075 autoreload 30864 17472 C:\Users\RogSt\Desktop\AGAH_Solutions\backend\services\admin.py changed, reloading.
INFO 2025-08-14 19:52:54,039 autoreload 24212 28072 Watching for file changes with StatReloader
INFO 2025-08-14 19:52:58,853 autoreload 24212 28072 C:\Users\RogSt\Desktop\AGAH_Solutions\backend\services\admin.py changed, reloading.
INFO 2025-08-14 19:52:59,855 autoreload 25476 27040 Watching for file changes with StatReloader
INFO 2025-08-14 19:53:09,875 autoreload 25476 27040 C:\Users\RogSt\Desktop\AGAH_Solutions\backend\services\admin.py changed, reloading.
INFO 2025-08-14 19:53:10,846 autoreload 5116 24648 Watching for file changes with StatReloader
INFO 2025-08-14 19:53:13,443 autoreload 5116 24648 C:\Users\RogSt\Desktop\AGAH_Solutions\backend\services\admin.py changed, reloading.
INFO 2025-08-14 19:53:14,535 autoreload 24692 31204 Watching for file changes with StatReloader
INFO 2025-08-14 19:53:52,224 autoreload 24692 31204 C:\Users\RogSt\Desktop\AGAH_Solutions\backend\services\admin.py changed, reloading.
INFO 2025-08-14 19:53:53,200 autoreload 23808 29828 Watching for file changes with StatReloader
INFO 2025-08-14 19:54:00,028 autoreload 23808 29828 C:\Users\RogSt\Desktop\AGAH_Solutions\backend\services\admin.py changed, reloading.
INFO 2025-08-14 19:54:00,916 autoreload 21384 20780 Watching for file changes with StatReloader
INFO 2025-08-14 19:54:12,972 autoreload 21384 20780 C:\Users\RogSt\Desktop\AGAH_Solutions\backend\services\admin.py changed, reloading.
INFO 2025-08-14 19:54:14,096 autoreload 31264 32680 Watching for file changes with StatReloader
INFO 2025-08-14 19:54:19,819 autoreload 31264 32680 C:\Users\RogSt\Desktop\AGAH_Solutions\backend\services\admin.py changed, reloading.
INFO 2025-08-14 19:54:20,900 autoreload 14236 1716 Watching for file changes with StatReloader
INFO 2025-08-14 19:54:26,617 autoreload 14236 1716 C:\Users\RogSt\Desktop\AGAH_Solutions\backend\services\admin.py changed, reloading.
INFO 2025-08-14 19:54:27,836 autoreload 33384 23284 Watching for file changes with StatReloader
INFO 2025-08-14 19:55:22,600 autoreload 33384 23284 C:\Users\RogSt\Desktop\AGAH_Solutions\backend\services\admin.py changed, reloading.
INFO 2025-08-14 19:55:23,696 autoreload 28724 33224 Watching for file changes with StatReloader
INFO 2025-08-14 19:56:54,375 autoreload 28724 33224 C:\Users\RogSt\Desktop\AGAH_Solutions\backend\services\views.py changed, reloading.
INFO 2025-08-14 19:56:55,300 autoreload 21980 29664 Watching for file changes with StatReloader
INFO 2025-08-14 19:57:06,641 autoreload 29448 23284 Watching for file changes with StatReloader
INFO 2025-08-14 21:56:11,195 autoreload 37240 34700 Watching for file changes with StatReloader
INFO 2025-08-14 21:56:50,211 autoreload 7984 29924 Watching for file changes with StatReloader
INFO 2025-08-14 22:02:21,595 autoreload 2540 22616 Watching for file changes with StatReloader
INFO 2025-08-14 22:02:25,165 basehttp 2540 30004 "GET /admin/services/typeservice/1/change/ HTTP/1.1" 200 21414
INFO 2025-08-14 22:02:25,291 basehttp 2540 30004 "GET /admin/jsi18n/ HTTP/1.1" 200 3342
INFO 2025-08-14 22:02:29,306 basehttp 2540 30004 "GET /admin/services/typeservice/ HTTP/1.1" 200 21973
INFO 2025-08-14 22:02:29,388 basehttp 2540 30004 "GET /admin/jsi18n/ HTTP/1.1" 200 3342
INFO 2025-08-14 22:02:40,929 basehttp 2540 28448 "GET /api/homepage/ HTTP/1.1" 200 324
INFO 2025-08-14 22:02:40,934 basehttp 2540 28448 "GET /api/homepage/ HTTP/1.1" 200 324
INFO 2025-08-14 22:03:12,693 autoreload 2540 22616 C:\Users\RogSt\Desktop\AGAH_Solutions\backend\services\admin.py changed, reloading.
INFO 2025-08-14 22:03:13,679 autoreload 23692 7356 Watching for file changes with StatReloader
INFO 2025-08-14 22:03:16,869 basehttp 23692 29808 "GET /api/homepage/ HTTP/1.1" 200 324
INFO 2025-08-14 22:03:16,870 basehttp 23692 37208 "GET /api/homepage/ HTTP/1.1" 200 324
INFO 2025-08-14 22:04:18,463 basehttp 23692 34528 "GET /admin/services/typeservice/1/change/ HTTP/1.1" 200 21414
INFO 2025-08-14 22:04:18,574 basehttp 23692 34528 "GET /admin/jsi18n/ HTTP/1.1" 200 3342
WARNING 2025-08-14 22:04:18,788 log 23692 34528 Not Found: /favicon.ico
WARNING 2025-08-14 22:04:18,789 basehttp 23692 34528 "GET /favicon.ico HTTP/1.1" 404 5415
INFO 2025-08-14 22:04:23,811 basehttp 23692 34528 "POST /admin/services/typeservice/1/change/ HTTP/1.1" 302 0
INFO 2025-08-14 22:04:23,862 basehttp 23692 34528 "GET /admin/services/typeservice/ HTTP/1.1" 200 22205
INFO 2025-08-14 22:04:23,975 basehttp 23692 34528 "GET /admin/jsi18n/ HTTP/1.1" 200 3342
INFO 2025-08-14 22:04:31,673 basehttp 23692 34528 "POST /admin/services/typeservice/ HTTP/1.1" 302 0
INFO 2025-08-14 22:04:31,705 basehttp 23692 34528 "GET /admin/services/typeservice/ HTTP/1.1" 200 22149
INFO 2025-08-14 22:04:31,774 basehttp 23692 34528 "GET /admin/jsi18n/ HTTP/1.1" 200 3342
INFO 2025-08-14 22:04:33,296 basehttp 23692 34528 "POST /admin/services/typeservice/ HTTP/1.1" 302 0
INFO 2025-08-14 22:04:33,327 basehttp 23692 34528 "GET /admin/services/typeservice/ HTTP/1.1" 200 21997
INFO 2025-08-14 22:04:33,390 basehttp 23692 34528 "GET /admin/jsi18n/ HTTP/1.1" 200 3342
INFO 2025-08-14 22:04:34,943 basehttp 23692 34528 "POST /admin/services/typeservice/ HTTP/1.1" 302 0
INFO 2025-08-14 22:04:34,976 basehttp 23692 34528 "GET /admin/services/typeservice/ HTTP/1.1" 200 21997
INFO 2025-08-14 22:04:35,037 basehttp 23692 34528 "GET /admin/jsi18n/ HTTP/1.1" 200 3342
INFO 2025-08-14 22:04:38,720 basehttp 23692 37208 "GET /api/homepage/ HTTP/1.1" 200 324
INFO 2025-08-14 22:04:38,723 basehttp 23692 29808 "GET /api/homepage/ HTTP/1.1" 200 324
INFO 2025-08-14 22:04:44,759 basehttp 23692 34528 "GET /admin/services/typeservice/ HTTP/1.1" 200 21997
INFO 2025-08-14 22:04:44,820 basehttp 23692 34528 "GET /admin/jsi18n/ HTTP/1.1" 200 3342
WARNING 2025-08-14 22:04:44,945 log 23692 34528 Not Found: /favicon.ico
WARNING 2025-08-14 22:04:44,946 basehttp 23692 34528 "GET /favicon.ico HTTP/1.1" 404 5415
INFO 2025-08-14 22:04:47,231 basehttp 23692 34528 "GET /admin/services/typeservice/4/change/ HTTP/1.1" 200 21410
INFO 2025-08-14 22:04:47,302 basehttp 23692 34528 "GET /admin/jsi18n/ HTTP/1.1" 200 3342
INFO 2025-08-14 22:04:54,441 basehttp 23692 34528 "GET /admin/services/typeservice/ HTTP/1.1" 200 21997
INFO 2025-08-14 22:04:54,818 basehttp 23692 34528 "GET /admin/services/typeservice/ HTTP/1.1" 200 21997
INFO 2025-08-14 22:09:14,936 autoreload 23692 7356 C:\Users\RogSt\Desktop\AGAH_Solutions\backend\services\views.py changed, reloading.
INFO 2025-08-14 22:09:15,885 autoreload 31232 28804 Watching for file changes with StatReloader
INFO 2025-08-14 22:09:27,082 autoreload 31232 28804 C:\Users\RogSt\Desktop\AGAH_Solutions\backend\services\views.py changed, reloading.
INFO 2025-08-14 22:09:28,099 autoreload 36756 20716 Watching for file changes with StatReloader
INFO 2025-08-14 22:09:29,635 autoreload 36756 20716 C:\Users\RogSt\Desktop\AGAH_Solutions\backend\services\views.py changed, reloading.
INFO 2025-08-14 22:09:30,655 autoreload 29836 36264 Watching for file changes with StatReloader
INFO 2025-08-14 22:09:32,212 autoreload 29836 36264 C:\Users\RogSt\Desktop\AGAH_Solutions\backend\services\views.py changed, reloading.
INFO 2025-08-14 22:09:33,209 autoreload 22580 31716 Watching for file changes with StatReloader
INFO 2025-08-14 22:09:48,485 autoreload 22580 31716 C:\Users\RogSt\Desktop\AGAH_Solutions\backend\services\views.py changed, reloading.
INFO 2025-08-14 22:09:49,352 autoreload 37256 36816 Watching for file changes with StatReloader
INFO 2025-08-14 22:09:54,847 basehttp 37256 30516 "GET /admin/services/companyconfiguration/ HTTP/1.1" 200 13315
INFO 2025-08-14 22:09:56,755 basehttp 37256 30516 "GET /admin/services/companyconfiguration/1/change/ HTTP/1.1" 200 24926
INFO 2025-08-14 22:09:56,837 basehttp 37256 30516 "GET /admin/jsi18n/ HTTP/1.1" 200 3342
INFO 2025-08-14 22:10:03,938 autoreload 37256 36816 C:\Users\RogSt\Desktop\AGAH_Solutions\backend\services\views.py changed, reloading.
INFO 2025-08-14 22:10:04,867 autoreload 34284 10936 Watching for file changes with StatReloader
INFO 2025-08-14 22:10:14,842 autoreload 34284 10936 C:\Users\RogSt\Desktop\AGAH_Solutions\backend\services\views.py changed, reloading.
INFO 2025-08-14 22:10:15,799 autoreload 9152 36416 Watching for file changes with StatReloader
INFO 2025-08-14 22:10:19,433 autoreload 9152 36416 C:\Users\RogSt\Desktop\AGAH_Solutions\backend\services\views.py changed, reloading.
INFO 2025-08-14 22:10:20,377 autoreload 37684 33632 Watching for file changes with StatReloader
INFO 2025-08-14 22:10:33,623 autoreload 37684 33632 C:\Users\RogSt\Desktop\AGAH_Solutions\backend\services\views.py changed, reloading.
INFO 2025-08-14 22:10:34,575 autoreload 17412 27716 Watching for file changes with StatReloader
INFO 2025-08-14 22:10:36,141 autoreload 17412 27716 C:\Users\RogSt\Desktop\AGAH_Solutions\backend\services\views.py changed, reloading.
INFO 2025-08-14 22:10:37,071 autoreload 19708 33320 Watching for file changes with StatReloader
INFO 2025-08-14 22:10:39,702 autoreload 19708 33320 C:\Users\RogSt\Desktop\AGAH_Solutions\backend\services\views.py changed, reloading.
INFO 2025-08-14 22:10:40,635 autoreload 24384 37580 Watching for file changes with StatReloader
INFO 2025-08-14 22:10:45,400 autoreload 24384 37580 C:\Users\RogSt\Desktop\AGAH_Solutions\backend\services\views.py changed, reloading.
INFO 2025-08-14 22:10:46,390 autoreload 36556 13388 Watching for file changes with StatReloader
INFO 2025-08-14 22:10:47,959 autoreload 36556 13388 C:\Users\RogSt\Desktop\AGAH_Solutions\backend\services\views.py changed, reloading.
INFO 2025-08-14 22:10:48,925 autoreload 34160 37148 Watching for file changes with StatReloader
INFO 2025-08-14 22:10:52,628 autoreload 34160 37148 C:\Users\RogSt\Desktop\AGAH_Solutions\backend\services\views.py changed, reloading.
INFO 2025-08-14 22:10:53,568 autoreload 36592 34012 Watching for file changes with StatReloader
INFO 2025-08-14 22:10:57,177 autoreload 36592 34012 C:\Users\RogSt\Desktop\AGAH_Solutions\backend\services\views.py changed, reloading.
INFO 2025-08-14 22:10:58,210 autoreload 35696 34152 Watching for file changes with StatReloader
INFO 2025-08-14 22:11:08,644 basehttp 35696 36060 "GET /api/homepage/ HTTP/1.1" 200 322
INFO 2025-08-14 22:11:08,646 basehttp 35696 36044 "GET /api/homepage/ HTTP/1.1" 200 322
INFO 2025-08-14 22:11:21,810 basehttp 35696 20904 "GET /admin/services/typeservice/ HTTP/1.1" 200 21997
INFO 2025-08-14 22:11:21,898 basehttp 35696 20904 "GET /admin/jsi18n/ HTTP/1.1" 200 3342
WARNING 2025-08-14 22:11:22,138 log 35696 20904 Not Found: /favicon.ico
WARNING 2025-08-14 22:11:22,139 basehttp 35696 20904 "GET /favicon.ico HTTP/1.1" 404 5415
INFO 2025-08-14 22:11:24,997 basehttp 35696 20904 "GET /admin/services/typeservice/ HTTP/1.1" 200 21997
INFO 2025-08-14 22:11:25,248 basehttp 35696 34760 "GET /static/admin/css/dark_mode.css HTTP/1.1" 200 2808
INFO 2025-08-14 22:11:25,252 basehttp 35696 30344 "GET /static/admin/css/nav_sidebar.css HTTP/1.1" 200 2810
INFO 2025-08-14 22:11:25,255 basehttp 35696 20904 "GET /static/admin/css/base.css HTTP/1.1" 200 22120
INFO 2025-08-14 22:11:25,259 basehttp 35696 27084 "GET /static/admin/css/forms.css HTTP/1.1" 200 8525
INFO 2025-08-14 22:11:25,259 basehttp 35696 29820 "GET /static/admin/css/changelists.css HTTP/1.1" 200 6878
INFO 2025-08-14 22:11:25,263 basehttp 35696 30344 "GET /admin/jsi18n/ HTTP/1.1" 200 3342
INFO 2025-08-14 22:11:25,266 basehttp 35696 34760 "GET /static/admin/css/responsive.css HTTP/1.1" 200 16565
INFO 2025-08-14 22:11:25,276 basehttp 35696 36892 "GET /static/admin/js/theme.js HTTP/1.1" 200 1653
INFO 2025-08-14 22:11:25,283 basehttp 35696 29820 "GET /static/admin/js/jquery.init.js HTTP/1.1" 200 347
INFO 2025-08-14 22:11:25,292 basehttp 35696 27084 "GET /static/admin/js/core.js HTTP/1.1" 200 6208
INFO 2025-08-14 22:11:25,300 basehttp 35696 29820 "GET /static/admin/css/widgets.css HTTP/1.1" 200 11991
INFO 2025-08-14 22:11:25,304 basehttp 35696 36892 "GET /static/admin/js/urlify.js HTTP/1.1" 200 7887
INFO 2025-08-14 22:11:25,304 basehttp 35696 30344 "GET /static/admin/js/admin/RelatedObjectLookups.js HTTP/1.1" 200 9777
INFO 2025-08-14 22:11:25,305 basehttp 35696 34760 "GET /static/admin/js/actions.js HTTP/1.1" 200 8076
INFO 2025-08-14 22:11:25,319 basehttp 35696 34760 "GET /static/admin/img/icon-yes.svg HTTP/1.1" 200 436
INFO 2025-08-14 22:11:25,321 basehttp 35696 27084 "GET /static/admin/js/prepopulate.js HTTP/1.1" 200 1531
INFO 2025-08-14 22:11:25,321 basehttp 35696 36892 "GET /static/admin/img/search.svg HTTP/1.1" 200 458
INFO 2025-08-14 22:11:25,358 basehttp 35696 20904 "GET /static/admin/js/vendor/jquery/jquery.js HTTP/1.1" 200 285314
INFO 2025-08-14 22:11:25,387 basehttp 35696 20904 "GET /static/admin/js/nav_sidebar.js HTTP/1.1" 200 3063
INFO 2025-08-14 22:11:25,409 basehttp 35696 20904 "GET /static/admin/js/filters.js HTTP/1.1" 200 978
INFO 2025-08-14 22:11:25,429 basehttp 35696 29820 "GET /static/admin/js/vendor/xregexp/xregexp.js HTTP/1.1" 200 325171
INFO 2025-08-14 22:11:25,459 basehttp 35696 27084 "GET /static/admin/img/icon-viewlink.svg HTTP/1.1" 200 581
INFO 2025-08-14 22:11:25,459 basehttp 35696 20904 "GET /static/admin/img/tooltag-add.svg HTTP/1.1" 200 331
INFO 2025-08-14 22:11:25,460 basehttp 35696 29820 "GET /static/admin/img/icon-addlink.svg HTTP/1.1" 200 331
INFO 2025-08-14 22:11:25,462 basehttp 35696 36892 "GET /static/admin/img/sorting-icons.svg HTTP/1.1" 200 1097
WARNING 2025-08-14 22:11:25,570 log 35696 36892 Not Found: /favicon.ico
WARNING 2025-08-14 22:11:25,571 basehttp 35696 36892 "GET /favicon.ico HTTP/1.1" 404 5415
INFO 2025-08-14 22:11:42,923 basehttp 35696 36044 "GET /api/homepage/ HTTP/1.1" 200 322
INFO 2025-08-14 22:11:42,925 basehttp 35696 36060 "GET /api/homepage/ HTTP/1.1" 200 322
INFO 2025-08-14 22:13:55,719 autoreload 35696 34152 C:\Users\RogSt\Desktop\AGAH_Solutions\backend\services\serializers.py changed, reloading.
INFO 2025-08-14 22:13:56,717 autoreload 29460 35760 Watching for file changes with StatReloader
INFO 2025-08-14 22:13:58,265 autoreload 29460 35760 C:\Users\RogSt\Desktop\AGAH_Solutions\backend\services\serializers.py changed, reloading.
INFO 2025-08-14 22:13:59,225 autoreload 28468 31204 Watching for file changes with StatReloader
INFO 2025-08-14 22:14:22,078 autoreload 28468 31204 C:\Users\RogSt\Desktop\AGAH_Solutions\backend\services\views.py changed, reloading.
INFO 2025-08-14 22:14:22,999 autoreload 32632 20964 Watching for file changes with StatReloader
INFO 2025-08-14 22:14:27,740 autoreload 32632 20964 C:\Users\RogSt\Desktop\AGAH_Solutions\backend\services\views.py changed, reloading.
INFO 2025-08-14 22:14:28,708 autoreload 33908 34840 Watching for file changes with StatReloader
INFO 2025-08-14 22:14:32,581 autoreload 33908 34840 C:\Users\RogSt\Desktop\AGAH_Solutions\backend\services\views.py changed, reloading.
INFO 2025-08-14 22:14:33,655 autoreload 34644 36696 Watching for file changes with StatReloader
INFO 2025-08-14 22:14:35,228 autoreload 34644 36696 C:\Users\RogSt\Desktop\AGAH_Solutions\backend\services\views.py changed, reloading.
INFO 2025-08-14 22:14:36,197 autoreload 24508 33632 Watching for file changes with StatReloader
INFO 2025-08-14 22:14:39,825 autoreload 24508 33632 C:\Users\RogSt\Desktop\AGAH_Solutions\backend\services\views.py changed, reloading.
INFO 2025-08-14 22:14:40,790 autoreload 3600 7152 Watching for file changes with StatReloader
INFO 2025-08-14 22:14:49,784 autoreload 3600 7152 C:\Users\RogSt\Desktop\AGAH_Solutions\backend\services\views.py changed, reloading.
INFO 2025-08-14 22:14:50,775 autoreload 35088 34952 Watching for file changes with StatReloader
INFO 2025-08-14 22:14:57,592 autoreload 35088 34952 C:\Users\RogSt\Desktop\AGAH_Solutions\backend\services\views.py changed, reloading.
INFO 2025-08-14 22:14:58,584 autoreload 15096 31996 Watching for file changes with StatReloader
INFO 2025-08-14 22:15:01,193 autoreload 15096 31996 C:\Users\RogSt\Desktop\AGAH_Solutions\backend\services\views.py changed, reloading.
INFO 2025-08-14 22:15:02,160 autoreload 14112 31784 Watching for file changes with StatReloader
INFO 2025-08-14 22:15:04,755 autoreload 14112 31784 C:\Users\RogSt\Desktop\AGAH_Solutions\backend\services\views.py changed, reloading.
INFO 2025-08-14 22:15:05,713 autoreload 30900 36976 Watching for file changes with StatReloader
INFO 2025-08-14 22:15:07,269 autoreload 30900 36976 C:\Users\RogSt\Desktop\AGAH_Solutions\backend\services\views.py changed, reloading.
INFO 2025-08-14 22:15:08,241 autoreload 23212 11036 Watching for file changes with StatReloader
INFO 2025-08-14 22:15:10,885 autoreload 23212 11036 C:\Users\RogSt\Desktop\AGAH_Solutions\backend\services\views.py changed, reloading.
INFO 2025-08-14 22:15:11,987 autoreload 22300 34916 Watching for file changes with StatReloader
INFO 2025-08-14 22:15:14,550 autoreload 22300 34916 C:\Users\RogSt\Desktop\AGAH_Solutions\backend\services\views.py changed, reloading.
INFO 2025-08-14 22:15:15,521 autoreload 35156 23456 Watching for file changes with StatReloader
INFO 2025-08-14 22:15:21,334 autoreload 35156 23456 C:\Users\RogSt\Desktop\AGAH_Solutions\backend\services\views.py changed, reloading.
INFO 2025-08-14 22:15:22,404 autoreload 11432 31816 Watching for file changes with StatReloader
INFO 2025-08-14 22:15:28,176 autoreload 11432 31816 C:\Users\RogSt\Desktop\AGAH_Solutions\backend\services\views.py changed, reloading.
INFO 2025-08-14 22:15:29,183 autoreload 27924 29812 Watching for file changes with StatReloader
INFO 2025-08-14 22:15:32,845 autoreload 27924 29812 C:\Users\RogSt\Desktop\AGAH_Solutions\backend\services\views.py changed, reloading.
INFO 2025-08-14 22:15:33,793 autoreload 33932 14764 Watching for file changes with StatReloader
ERROR 2025-08-14 22:15:38,796 log 33932 30892 Internal Server Error: /api/homepage/
Traceback (most recent call last):
  File "C:\Users\RogSt\Desktop\AGAH_Solutions\backend\venv\Lib\site-packages\django\core\handlers\exception.py", line 55, in inner
    response = get_response(request)
  File "C:\Users\RogSt\Desktop\AGAH_Solutions\backend\venv\Lib\site-packages\django\core\handlers\base.py", line 197, in _get_response
    response = wrapped_callback(request, *callback_args, **callback_kwargs)
  File "C:\Users\RogSt\Desktop\AGAH_Solutions\backend\venv\Lib\site-packages\django\views\decorators\csrf.py", line 65, in _view_wrapper
    return view_func(request, *args, **kwargs)
  File "C:\Users\RogSt\Desktop\AGAH_Solutions\backend\venv\Lib\site-packages\django\views\generic\base.py", line 105, in view
    return self.dispatch(request, *args, **kwargs)
           ~~~~~~~~~~~~~^^^^^^^^^^^^^^^^^^^^^^^^^^
  File "C:\Users\RogSt\Desktop\AGAH_Solutions\backend\venv\Lib\site-packages\rest_framework\views.py", line 517, in dispatch
    self.response = self.finalize_response(request, response, *args, **kwargs)
                    ~~~~~~~~~~~~~~~~~~~~~~^^^^^^^^^^^^^^^^^^^^^^^^^^^^^^^^^^^^
  File "C:\Users\RogSt\Desktop\AGAH_Solutions\backend\venv\Lib\site-packages\rest_framework\views.py", line 429, in finalize_response
    assert isinstance(response, HttpResponseBase), (
           ~~~~~~~~~~^^^^^^^^^^^^^^^^^^^^^^^^^^^^
AssertionError: Expected a `Response`, `HttpResponse` or `StreamingHttpResponse` to be returned from the view, but received a `<class 'NoneType'>`
ERROR 2025-08-14 22:15:38,797 log 33932 25804 Internal Server Error: /api/homepage/
Traceback (most recent call last):
  File "C:\Users\RogSt\Desktop\AGAH_Solutions\backend\venv\Lib\site-packages\django\core\handlers\exception.py", line 55, in inner
    response = get_response(request)
  File "C:\Users\RogSt\Desktop\AGAH_Solutions\backend\venv\Lib\site-packages\django\core\handlers\base.py", line 197, in _get_response
    response = wrapped_callback(request, *callback_args, **callback_kwargs)
  File "C:\Users\RogSt\Desktop\AGAH_Solutions\backend\venv\Lib\site-packages\django\views\decorators\csrf.py", line 65, in _view_wrapper
    return view_func(request, *args, **kwargs)
  File "C:\Users\RogSt\Desktop\AGAH_Solutions\backend\venv\Lib\site-packages\django\views\generic\base.py", line 105, in view
    return self.dispatch(request, *args, **kwargs)
           ~~~~~~~~~~~~~^^^^^^^^^^^^^^^^^^^^^^^^^^
  File "C:\Users\RogSt\Desktop\AGAH_Solutions\backend\venv\Lib\site-packages\rest_framework\views.py", line 517, in dispatch
    self.response = self.finalize_response(request, response, *args, **kwargs)
                    ~~~~~~~~~~~~~~~~~~~~~~^^^^^^^^^^^^^^^^^^^^^^^^^^^^^^^^^^^^
  File "C:\Users\RogSt\Desktop\AGAH_Solutions\backend\venv\Lib\site-packages\rest_framework\views.py", line 429, in finalize_response
    assert isinstance(response, HttpResponseBase), (
           ~~~~~~~~~~^^^^^^^^^^^^^^^^^^^^^^^^^^^^
AssertionError: Expected a `Response`, `HttpResponse` or `StreamingHttpResponse` to be returned from the view, but received a `<class 'NoneType'>`
ERROR 2025-08-14 22:15:38,802 basehttp 33932 30892 "GET /api/homepage/ HTTP/1.1" 500 89486
ERROR 2025-08-14 22:15:38,802 basehttp 33932 25804 "GET /api/homepage/ HTTP/1.1" 500 89486
INFO 2025-08-14 22:20:45,586 autoreload 36536 33168 Watching for file changes with StatReloader
INFO 2025-08-14 22:20:51,385 basehttp 36536 10780 "GET /api/homepage/ HTTP/1.1" 200 1308
INFO 2025-08-14 22:20:51,389 basehttp 36536 25692 "GET /api/homepage/ HTTP/1.1" 200 1308
INFO 2025-08-14 22:22:06,643 basehttp 36536 17144 "GET /api/homepage/ HTTP/1.1" 200 1308
INFO 2025-08-14 22:22:06,643 basehttp 36536 34036 "GET /api/homepage/ HTTP/1.1" 200 1308
INFO 2025-08-14 22:22:50,902 basehttp 36536 17144 "GET /api/homepage/ HTTP/1.1" 200 1308
INFO 2025-08-14 22:22:50,903 basehttp 36536 34036 "GET /api/homepage/ HTTP/1.1" 200 1308
INFO 2025-08-14 22:23:47,041 basehttp 36536 17144 "GET /api/homepage/ HTTP/1.1" 200 1308
INFO 2025-08-14 22:23:47,041 basehttp 36536 34036 "GET /api/homepage/ HTTP/1.1" 200 1308
INFO 2025-08-16 08:35:24,504 autoreload 17548 37248 Watching for file changes with StatReloader
WARNING 2025-08-16 08:35:29,836 log 17548 8548 Not Found: /
WARNING 2025-08-16 08:35:29,837 basehttp 17548 8548 "GET / HTTP/1.1" 404 5364
WARNING 2025-08-16 08:35:30,175 log 17548 8548 Not Found: /favicon.ico
WARNING 2025-08-16 08:35:30,176 basehttp 17548 8548 "GET /favicon.ico HTTP/1.1" 404 5415
INFO 2025-08-16 08:35:46,593 basehttp 17548 8548 "GET /admin/ HTTP/1.1" 200 15694
INFO 2025-08-16 08:35:46,815 basehttp 17548 8548 "GET /static/admin/css/base.css HTTP/1.1" 200 22120
INFO 2025-08-16 08:35:46,820 basehttp 17548 35440 "GET /static/admin/css/nav_sidebar.css HTTP/1.1" 200 2810
INFO 2025-08-16 08:35:46,823 basehttp 17548 32560 "GET /static/admin/css/dark_mode.css HTTP/1.1" 200 2808
INFO 2025-08-16 08:35:46,824 basehttp 17548 33524 "GET /static/admin/css/responsive.css HTTP/1.1" 200 16565
INFO 2025-08-16 08:35:46,832 basehttp 17548 17896 "GET /static/admin/js/theme.js HTTP/1.1" 200 1653
INFO 2025-08-16 08:35:46,846 basehttp 17548 33524 "GET /static/admin/js/nav_sidebar.js HTTP/1.1" 200 3063
INFO 2025-08-16 08:35:46,858 basehttp 17548 17896 "GET /static/admin/img/icon-addlink.svg HTTP/1.1" 200 331
INFO 2025-08-16 08:35:50,355 basehttp 17548 17896 "GET /admin/custom_auth/user/ HTTP/1.1" 200 19766
INFO 2025-08-16 08:35:50,449 basehttp 17548 17896 "GET /static/admin/css/changelists.css HTTP/1.1" 200 6878
INFO 2025-08-16 08:35:50,452 basehttp 17548 33524 "GET /static/admin/css/forms.css HTTP/1.1" 200 8525
INFO 2025-08-16 08:35:50,456 basehttp 17548 8548 "GET /static/admin/js/jquery.init.js HTTP/1.1" 200 347
INFO 2025-08-16 08:35:50,470 basehttp 17548 9652 "GET /static/admin/js/core.js HTTP/1.1" 200 6208
INFO 2025-08-16 08:35:50,480 basehttp 17548 32560 "GET /admin/jsi18n/ HTTP/1.1" 200 3342
INFO 2025-08-16 08:35:50,489 basehttp 17548 8548 "GET /static/admin/js/urlify.js HTTP/1.1" 200 7887
INFO 2025-08-16 08:35:50,491 basehttp 17548 9652 "GET /static/admin/css/widgets.css HTTP/1.1" 200 11991
INFO 2025-08-16 08:35:50,491 basehttp 17548 17896 "GET /static/admin/js/admin/RelatedObjectLookups.js HTTP/1.1" 200 9777
INFO 2025-08-16 08:35:50,494 basehttp 17548 33524 "GET /static/admin/js/actions.js HTTP/1.1" 200 8076
INFO 2025-08-16 08:35:50,507 basehttp 17548 17896 "GET /static/admin/img/search.svg HTTP/1.1" 200 458
INFO 2025-08-16 08:35:50,507 basehttp 17548 32560 "GET /static/admin/js/prepopulate.js HTTP/1.1" 200 1531
INFO 2025-08-16 08:35:50,527 basehttp 17548 35440 "GET /static/admin/js/vendor/jquery/jquery.js HTTP/1.1" 200 285314
INFO 2025-08-16 08:35:50,548 basehttp 17548 35440 "GET /static/admin/js/filters.js HTTP/1.1" 200 978
INFO 2025-08-16 08:35:50,602 basehttp 17548 8548 "GET /static/admin/js/vendor/xregexp/xregexp.js HTTP/1.1" 200 325171
INFO 2025-08-16 08:35:50,630 basehttp 17548 32560 "GET /static/admin/img/icon-viewlink.svg HTTP/1.1" 200 581
INFO 2025-08-16 08:35:50,630 basehttp 17548 8548 "GET /static/admin/img/tooltag-add.svg HTTP/1.1" 200 331
INFO 2025-08-16 08:35:50,631 basehttp 17548 35440 "GET /static/admin/img/sorting-icons.svg HTTP/1.1" 200 1097
INFO 2025-08-16 08:35:54,850 basehttp 17548 35440 "GET /admin/custom_auth/passwordresettoken/ HTTP/1.1" 200 14309
INFO 2025-08-16 08:35:54,915 basehttp 17548 35440 "GET /admin/jsi18n/ HTTP/1.1" 200 3342
INFO 2025-08-16 08:35:56,162 basehttp 17548 35440 "GET /admin/custom_auth/emailverificationtoken/ HTTP/1.1" 200 14329
INFO 2025-08-16 08:35:56,232 basehttp 17548 35440 "GET /admin/jsi18n/ HTTP/1.1" 200 3342
INFO 2025-08-16 08:35:57,907 basehttp 17548 35440 "GET /admin/auth/group/ HTTP/1.1" 200 12144
INFO 2025-08-16 08:35:57,969 basehttp 17548 35440 "GET /admin/jsi18n/ HTTP/1.1" 200 3342
INFO 2025-08-16 08:58:40,278 basehttp 17548 35900 "GET /api/homepage/ HTTP/1.1" 200 1308
INFO 2025-08-16 08:58:40,290 basehttp 17548 35900 "GET /api/homepage/ HTTP/1.1" 200 1308
INFO 2025-08-16 08:59:03,869 basehttp 17548 35900 "GET /api/homepage/ HTTP/1.1" 200 1308
INFO 2025-08-16 08:59:03,881 basehttp 17548 18236 "GET /api/homepage/ HTTP/1.1" 200 1308
INFO 2025-08-16 08:59:04,978 basehttp 17548 18236 "GET /api/homepage/ HTTP/1.1" 200 1308
INFO 2025-08-16 08:59:04,987 basehttp 17548 35900 "GET /api/homepage/ HTTP/1.1" 200 1308
INFO 2025-08-16 09:13:06,863 basehttp 17548 33104 "GET /admin/custom_auth/user/ HTTP/1.1" 200 19766
INFO 2025-08-16 09:13:07,000 basehttp 17548 33104 "GET /admin/jsi18n/ HTTP/1.1" 200 3342
INFO 2025-08-16 09:18:07,858 basehttp 17548 33056 "GET /api/homepage/ HTTP/1.1" 200 1308
INFO 2025-08-16 09:18:07,879 basehttp 17548 33056 "GET /api/homepage/ HTTP/1.1" 200 1308
INFO 2025-08-16 09:18:09,869 basehttp 17548 33056 "GET /api/homepage/ HTTP/1.1" 200 1308
INFO 2025-08-16 09:18:09,881 basehttp 17548 32264 "GET /api/homepage/ HTTP/1.1" 200 1308
INFO 2025-08-16 09:18:12,071 basehttp 17548 32264 "GET /api/homepage/ HTTP/1.1" 200 1308
INFO 2025-08-16 09:18:12,086 basehttp 17548 33056 "GET /api/homepage/ HTTP/1.1" 200 1308
INFO 2025-08-16 09:19:56,389 basehttp 17548 33056 "GET /api/homepage/ HTTP/1.1" 200 1308
INFO 2025-08-16 09:19:56,399 basehttp 17548 32264 "GET /api/homepage/ HTTP/1.1" 200 1308
INFO 2025-08-16 09:20:42,000 basehttp 17548 32264 "GET /api/homepage/ HTTP/1.1" 200 1308
INFO 2025-08-16 09:20:42,004 basehttp 17548 33056 "GET /api/homepage/ HTTP/1.1" 200 1308
INFO 2025-08-16 09:24:46,869 basehttp 17548 33056 "GET /api/homepage/ HTTP/1.1" 200 1308
INFO 2025-08-16 09:24:46,879 basehttp 17548 32264 "GET /api/homepage/ HTTP/1.1" 200 1308
INFO 2025-08-16 09:25:15,410 basehttp 17548 32264 "GET /api/homepage/ HTTP/1.1" 200 1308
INFO 2025-08-16 09:25:15,425 basehttp 17548 33056 "GET /api/homepage/ HTTP/1.1" 200 1308
INFO 2025-08-16 09:25:17,717 basehttp 17548 32264 "GET /api/homepage/ HTTP/1.1" 200 1308
INFO 2025-08-16 09:25:17,732 basehttp 17548 33056 "GET /api/homepage/ HTTP/1.1" 200 1308
INFO 2025-08-16 09:26:01,291 basehttp 17548 32264 "GET /api/homepage/ HTTP/1.1" 200 1308
INFO 2025-08-16 09:26:01,291 basehttp 17548 33056 "GET /api/homepage/ HTTP/1.1" 200 1308
INFO 2025-08-16 09:28:25,685 basehttp 17548 33056 "GET /api/homepage/ HTTP/1.1" 200 1308
INFO 2025-08-16 09:28:25,685 basehttp 17548 32264 "GET /api/homepage/ HTTP/1.1" 200 1308
INFO 2025-08-16 09:31:44,965 basehttp 17548 32264 "GET /api/homepage/ HTTP/1.1" 200 1308
INFO 2025-08-16 09:31:44,976 basehttp 17548 33056 "GET /api/homepage/ HTTP/1.1" 200 1308
INFO 2025-08-16 09:35:30,126 basehttp 17548 26924 "GET /api/homepage/ HTTP/1.1" 200 1308
INFO 2025-08-16 09:35:30,137 basehttp 17548 26924 "GET /api/homepage/ HTTP/1.1" 200 1308
INFO 2025-08-16 09:39:35,942 basehttp 17548 26924 "GET /api/homepage/ HTTP/1.1" 200 1308
INFO 2025-08-16 09:39:35,955 basehttp 17548 26924 "GET /api/homepage/ HTTP/1.1" 200 1308
INFO 2025-08-16 09:40:08,770 basehttp 17548 26924 "GET /api/homepage/ HTTP/1.1" 200 1308
INFO 2025-08-16 09:40:08,774 basehttp 17548 33004 "GET /api/homepage/ HTTP/1.1" 200 1308
INFO 2025-08-16 09:42:07,744 basehttp 17548 33004 "GET /api/homepage/ HTTP/1.1" 200 1308
INFO 2025-08-16 09:42:07,746 basehttp 17548 26924 "GET /api/homepage/ HTTP/1.1" 200 1308
INFO 2025-08-16 09:43:53,809 basehttp 17548 26924 "GET /api/homepage/ HTTP/1.1" 200 1308
INFO 2025-08-16 09:43:53,813 basehttp 17548 33004 "GET /api/homepage/ HTTP/1.1" 200 1308
INFO 2025-08-16 09:44:31,478 basehttp 17548 33004 "GET /api/homepage/ HTTP/1.1" 200 1308
INFO 2025-08-16 09:44:31,484 basehttp 17548 26924 "GET /api/homepage/ HTTP/1.1" 200 1308
INFO 2025-08-16 09:47:15,054 basehttp 17548 26924 "GET /api/homepage/ HTTP/1.1" 200 1308
INFO 2025-08-16 09:47:15,072 basehttp 17548 33004 "GET /api/homepage/ HTTP/1.1" 200 1308
INFO 2025-08-16 09:47:23,376 basehttp 17548 33004 "GET /api/homepage/ HTTP/1.1" 200 1308
INFO 2025-08-16 09:47:23,379 basehttp 17548 26924 "GET /api/homepage/ HTTP/1.1" 200 1308
INFO 2025-08-16 09:47:56,384 basehttp 17548 26924 "GET /api/homepage/ HTTP/1.1" 200 1308
INFO 2025-08-16 09:47:56,396 basehttp 17548 33004 "GET /api/homepage/ HTTP/1.1" 200 1308
INFO 2025-08-16 09:48:32,910 basehttp 17548 33004 "GET /api/homepage/ HTTP/1.1" 200 1308
INFO 2025-08-16 09:48:32,917 basehttp 17548 26924 "GET /api/homepage/ HTTP/1.1" 200 1308
INFO 2025-08-16 09:48:35,158 basehttp 17548 26924 "GET /api/homepage/ HTTP/1.1" 200 1308
INFO 2025-08-16 09:48:35,170 basehttp 17548 33004 "GET /api/homepage/ HTTP/1.1" 200 1308
INFO 2025-08-16 09:48:43,350 basehttp 17548 33004 "GET /api/homepage/ HTTP/1.1" 200 1308
INFO 2025-08-16 09:48:43,362 basehttp 17548 26924 "GET /api/homepage/ HTTP/1.1" 200 1308
INFO 2025-08-16 09:48:47,802 basehttp 17548 26924 "GET /api/homepage/ HTTP/1.1" 200 1308
INFO 2025-08-16 09:48:47,813 basehttp 17548 33004 "GET /api/homepage/ HTTP/1.1" 200 1308
INFO 2025-08-16 09:50:37,707 basehttp 17548 26924 "GET /api/homepage/ HTTP/1.1" 200 1308
INFO 2025-08-16 09:50:37,708 basehttp 17548 33004 "GET /api/homepage/ HTTP/1.1" 200 1308
INFO 2025-08-16 09:51:05,214 basehttp 17548 33004 "GET /api/homepage/ HTTP/1.1" 200 1308
INFO 2025-08-16 09:51:05,231 basehttp 17548 26924 "GET /api/homepage/ HTTP/1.1" 200 1308
INFO 2025-08-16 09:52:01,344 basehttp 17548 26924 "GET /api/homepage/ HTTP/1.1" 200 1308
INFO 2025-08-16 09:52:01,360 basehttp 17548 33004 "GET /api/homepage/ HTTP/1.1" 200 1308
INFO 2025-08-16 09:53:20,130 basehttp 17548 33004 "GET /api/homepage/ HTTP/1.1" 200 1308
INFO 2025-08-16 09:53:20,216 basehttp 17548 26924 "GET /api/homepage/ HTTP/1.1" 200 1308
INFO 2025-08-16 09:53:27,415 basehttp 17548 26924 "GET /api/homepage/ HTTP/1.1" 200 1308
INFO 2025-08-16 09:53:27,446 basehttp 17548 33004 "GET /api/homepage/ HTTP/1.1" 200 1308
INFO 2025-08-16 09:53:39,239 basehttp 17548 33004 "GET /api/homepage/ HTTP/1.1" 200 1308
INFO 2025-08-16 09:53:39,273 basehttp 17548 26924 "GET /api/homepage/ HTTP/1.1" 200 1308
INFO 2025-08-16 09:55:16,805 basehttp 17548 33004 "GET /api/homepage/ HTTP/1.1" 200 1308
INFO 2025-08-16 09:55:16,806 basehttp 17548 26924 "GET /api/homepage/ HTTP/1.1" 200 1308
INFO 2025-08-16 09:55:47,636 basehttp 17548 33004 "GET /api/homepage/ HTTP/1.1" 200 1308
INFO 2025-08-16 09:55:47,648 basehttp 17548 26924 "GET /api/homepage/ HTTP/1.1" 200 1308
INFO 2025-08-16 09:55:51,070 basehttp 17548 26924 "GET /api/homepage/ HTTP/1.1" 200 1308
INFO 2025-08-16 09:55:51,091 basehttp 17548 33004 "GET /api/homepage/ HTTP/1.1" 200 1308
INFO 2025-08-16 09:59:19,159 basehttp 17548 33004 "GET /api/homepage/ HTTP/1.1" 200 1308
INFO 2025-08-16 09:59:19,180 basehttp 17548 26924 "GET /api/homepage/ HTTP/1.1" 200 1308
INFO 2025-08-16 09:59:21,181 basehttp 17548 26924 "GET /api/homepage/ HTTP/1.1" 200 1308
INFO 2025-08-16 09:59:21,193 basehttp 17548 33004 "GET /api/homepage/ HTTP/1.1" 200 1308
INFO 2025-08-16 09:59:22,238 basehttp 17548 33004 "GET /api/homepage/ HTTP/1.1" 200 1308
INFO 2025-08-16 09:59:22,262 basehttp 17548 33004 "GET /api/homepage/ HTTP/1.1" 200 1308
INFO 2025-08-16 09:59:34,241 basehttp 17548 33004 "GET /api/homepage/ HTTP/1.1" 200 1308
INFO 2025-08-16 09:59:34,255 basehttp 17548 26924 "GET /api/homepage/ HTTP/1.1" 200 1308
INFO 2025-08-16 09:59:37,372 basehttp 17548 26924 "GET /api/homepage/ HTTP/1.1" 200 1308
INFO 2025-08-16 09:59:37,399 basehttp 17548 33004 "GET /api/homepage/ HTTP/1.1" 200 1308
INFO 2025-08-16 09:59:38,447 basehttp 17548 33004 "GET /api/homepage/ HTTP/1.1" 200 1308
INFO 2025-08-16 09:59:38,458 basehttp 17548 26924 "GET /api/homepage/ HTTP/1.1" 200 1308
INFO 2025-08-16 09:59:39,779 basehttp 17548 26924 "GET /api/homepage/ HTTP/1.1" 200 1308
INFO 2025-08-16 09:59:39,806 basehttp 17548 33004 "GET /api/homepage/ HTTP/1.1" 200 1308
INFO 2025-08-16 10:00:16,394 basehttp 17548 33004 "GET /api/homepage/ HTTP/1.1" 200 1308
INFO 2025-08-16 10:00:16,403 basehttp 17548 26924 "GET /api/homepage/ HTTP/1.1" 200 1308
INFO 2025-08-16 10:00:17,897 basehttp 17548 33004 "GET /api/homepage/ HTTP/1.1" 200 1308
INFO 2025-08-16 10:00:17,897 basehttp 17548 26924 "GET /api/homepage/ HTTP/1.1" 200 1308
INFO 2025-08-16 10:00:23,158 basehttp 17548 26924 "GET /api/homepage/ HTTP/1.1" 200 1308
INFO 2025-08-16 10:00:23,215 basehttp 17548 26924 "GET /api/homepage/ HTTP/1.1" 200 1308
INFO 2025-08-16 10:06:26,711 basehttp 17548 17240 "GET /api/homepage/ HTTP/1.1" 200 1308
INFO 2025-08-16 10:06:26,726 basehttp 17548 17240 "GET /api/homepage/ HTTP/1.1" 200 1308
INFO 2025-08-16 10:06:31,287 basehttp 17548 17240 "GET /api/homepage/ HTTP/1.1" 200 1308
INFO 2025-08-16 10:06:31,287 basehttp 17548 20504 "GET /api/homepage/ HTTP/1.1" 200 1308
INFO 2025-08-16 10:06:35,662 basehttp 17548 20504 "GET /api/homepage/ HTTP/1.1" 200 1308
INFO 2025-08-16 10:06:35,676 basehttp 17548 17240 "GET /api/homepage/ HTTP/1.1" 200 1308
INFO 2025-08-16 10:07:01,935 basehttp 17548 17240 "GET /api/homepage/ HTTP/1.1" 200 1308
INFO 2025-08-16 10:07:01,939 basehttp 17548 20504 "GET /api/homepage/ HTTP/1.1" 200 1308
INFO 2025-08-16 10:08:12,627 basehttp 17548 20504 "GET /api/homepage/ HTTP/1.1" 200 1308
INFO 2025-08-16 10:08:12,627 basehttp 17548 17240 "GET /api/homepage/ HTTP/1.1" 200 1308
INFO 2025-08-16 10:08:24,984 basehttp 17548 17240 "GET /api/homepage/ HTTP/1.1" 200 1308
INFO 2025-08-16 10:08:24,992 basehttp 17548 20504 "GET /api/homepage/ HTTP/1.1" 200 1308
INFO 2025-08-16 10:09:08,908 basehttp 17548 20504 "GET /api/homepage/ HTTP/1.1" 200 1308
INFO 2025-08-16 10:09:08,924 basehttp 17548 17240 "GET /api/homepage/ HTTP/1.1" 200 1308
WARNING 2025-08-16 10:10:29,027 log 17548 17240 Too Many Requests: /api/homepage/
WARNING 2025-08-16 10:10:29,028 log 17548 20504 Too Many Requests: /api/homepage/
WARNING 2025-08-16 10:10:29,029 basehttp 17548 17240 "GET /api/homepage/ HTTP/1.1" 429 70
WARNING 2025-08-16 10:10:29,029 basehttp 17548 20504 "GET /api/homepage/ HTTP/1.1" 429 70
WARNING 2025-08-16 10:10:32,767 log 17548 20504 Too Many Requests: /api/homepage/
WARNING 2025-08-16 10:10:32,768 basehttp 17548 20504 "GET /api/homepage/ HTTP/1.1" 429 70
WARNING 2025-08-16 10:10:32,771 log 17548 17240 Too Many Requests: /api/homepage/
WARNING 2025-08-16 10:10:32,772 basehttp 17548 17240 "GET /api/homepage/ HTTP/1.1" 429 70
WARNING 2025-08-16 10:12:39,591 log 17548 17240 Too Many Requests: /api/homepage/
WARNING 2025-08-16 10:12:39,592 basehttp 17548 17240 "GET /api/homepage/ HTTP/1.1" 429 70
WARNING 2025-08-16 10:12:39,597 log 17548 17240 Too Many Requests: /api/homepage/
WARNING 2025-08-16 10:12:39,598 basehttp 17548 17240 "GET /api/homepage/ HTTP/1.1" 429 70
INFO 2025-08-16 10:13:13,093 autoreload 20896 24384 Watching for file changes with StatReloader
INFO 2025-08-16 10:13:15,862 basehttp 20896 28160 "GET /api/homepage/ HTTP/1.1" 200 1308
INFO 2025-08-16 10:13:15,872 basehttp 20896 37028 "GET /api/homepage/ HTTP/1.1" 200 1308
INFO 2025-08-16 10:13:21,407 basehttp 20896 37028 "GET /api/homepage/ HTTP/1.1" 200 1308
INFO 2025-08-16 10:13:21,412 basehttp 20896 28160 "GET /api/homepage/ HTTP/1.1" 200 1308
INFO 2025-08-16 10:16:41,737 basehttp 20896 28160 "GET /api/homepage/ HTTP/1.1" 200 1308
INFO 2025-08-16 10:16:41,744 basehttp 20896 37028 "GET /api/homepage/ HTTP/1.1" 200 1308
INFO 2025-08-16 10:17:42,931 basehttp 20896 37028 "GET /api/homepage/ HTTP/1.1" 200 1308
INFO 2025-08-16 10:17:42,935 basehttp 20896 28160 "GET /api/homepage/ HTTP/1.1" 200 1308
INFO 2025-08-16 10:18:36,519 basehttp 20896 28160 "GET /api/homepage/ HTTP/1.1" 200 1308
INFO 2025-08-16 10:18:36,520 basehttp 20896 37028 "GET /api/homepage/ HTTP/1.1" 200 1308
INFO 2025-08-16 10:19:05,356 basehttp 20896 37028 "GET /api/homepage/ HTTP/1.1" 200 1308
INFO 2025-08-16 10:19:05,371 basehttp 20896 28160 "GET /api/homepage/ HTTP/1.1" 200 1308
INFO 2025-08-16 10:20:15,208 basehttp 20896 28160 "GET /api/homepage/ HTTP/1.1" 200 1308
INFO 2025-08-16 10:20:15,210 basehttp 20896 37028 "GET /api/homepage/ HTTP/1.1" 200 1308
INFO 2025-08-16 10:23:12,218 basehttp 20896 37028 "GET /api/homepage/ HTTP/1.1" 200 1308
INFO 2025-08-16 10:23:12,222 basehttp 20896 28160 "GET /api/homepage/ HTTP/1.1" 200 1308
INFO 2025-08-16 10:23:36,458 basehttp 20896 28160 "GET /api/homepage/ HTTP/1.1" 200 1308
INFO 2025-08-16 10:23:36,464 basehttp 20896 37028 "GET /api/homepage/ HTTP/1.1" 200 1308
INFO 2025-08-16 10:24:15,451 basehttp 20896 28160 "GET /api/homepage/ HTTP/1.1" 200 1308
INFO 2025-08-16 10:24:15,452 basehttp 20896 37028 "GET /api/homepage/ HTTP/1.1" 200 1308
INFO 2025-08-16 10:30:43,806 basehttp 20896 32852 "GET /api/homepage/ HTTP/1.1" 200 1308
INFO 2025-08-16 10:30:43,808 basehttp 20896 34252 "GET /api/homepage/ HTTP/1.1" 200 1308
INFO 2025-08-16 10:31:02,091 basehttp 20896 32852 "GET /api/homepage/ HTTP/1.1" 200 1308
INFO 2025-08-16 10:31:02,106 basehttp 20896 34252 "GET /api/homepage/ HTTP/1.1" 200 1308
INFO 2025-08-16 10:31:20,948 basehttp 20896 34252 "GET /api/homepage/ HTTP/1.1" 200 1308
INFO 2025-08-16 10:31:20,971 basehttp 20896 32852 "GET /api/homepage/ HTTP/1.1" 200 1308
INFO 2025-08-16 10:31:33,569 basehttp 20896 32852 "GET /api/homepage/ HTTP/1.1" 200 1308
INFO 2025-08-16 10:31:33,580 basehttp 20896 34252 "GET /api/homepage/ HTTP/1.1" 200 1308
INFO 2025-08-16 10:36:46,204 basehttp 20896 19092 "GET /api/homepage/ HTTP/1.1" 200 1308
INFO 2025-08-16 10:36:46,205 basehttp 20896 16952 "GET /api/homepage/ HTTP/1.1" 200 1308
INFO 2025-08-16 10:39:10,634 basehttp 20896 16952 "GET /api/homepage/ HTTP/1.1" 200 1308
INFO 2025-08-16 10:39:10,635 basehttp 20896 19092 "GET /api/homepage/ HTTP/1.1" 200 1308
INFO 2025-08-16 10:41:43,712 basehttp 20896 16952 "GET /api/homepage/ HTTP/1.1" 200 1308
INFO 2025-08-16 10:41:43,712 basehttp 20896 19092 "GET /api/homepage/ HTTP/1.1" 200 1308
INFO 2025-08-16 10:42:41,122 basehttp 20896 16952 "GET /api/homepage/ HTTP/1.1" 200 1308
INFO 2025-08-16 10:42:41,130 basehttp 20896 19092 "GET /api/homepage/ HTTP/1.1" 200 1308
INFO 2025-08-16 10:43:55,225 basehttp 20896 19092 "GET /api/homepage/ HTTP/1.1" 200 1308
INFO 2025-08-16 10:43:55,225 basehttp 20896 16952 "GET /api/homepage/ HTTP/1.1" 200 1308
INFO 2025-08-16 10:55:07,193 basehttp 20896 26984 "GET /api/homepage/ HTTP/1.1" 200 1308
INFO 2025-08-16 10:55:07,195 basehttp 20896 18616 "GET /api/homepage/ HTTP/1.1" 200 1308
INFO 2025-08-16 11:00:27,589 basehttp 20896 25448 "GET /api/homepage/ HTTP/1.1" 200 1308
INFO 2025-08-16 11:00:27,590 basehttp 20896 6728 "GET /api/homepage/ HTTP/1.1" 200 1308
INFO 2025-08-16 11:02:43,551 basehttp 20896 6728 "GET /api/homepage/ HTTP/1.1" 200 1308
INFO 2025-08-16 11:02:43,553 basehttp 20896 25448 "GET /api/homepage/ HTTP/1.1" 200 1308
INFO 2025-08-16 11:03:04,874 basehttp 20896 6728 "GET /api/homepage/ HTTP/1.1" 200 1308
INFO 2025-08-16 11:03:04,889 basehttp 20896 25448 "GET /api/homepage/ HTTP/1.1" 200 1308
INFO 2025-08-16 11:05:25,789 basehttp 20896 2352 "GET /api/homepage/ HTTP/1.1" 200 1308
INFO 2025-08-16 11:05:25,790 basehttp 20896 19292 "GET /api/homepage/ HTTP/1.1" 200 1308
INFO 2025-08-16 11:05:54,924 basehttp 20896 19292 "GET /api/homepage/ HTTP/1.1" 200 1308
INFO 2025-08-16 11:05:54,926 basehttp 20896 2352 "GET /api/homepage/ HTTP/1.1" 200 1308
INFO 2025-08-16 11:11:09,075 basehttp 20896 30840 "GET /api/homepage/ HTTP/1.1" 200 1308
INFO 2025-08-16 11:11:09,075 basehttp 20896 27872 "GET /api/homepage/ HTTP/1.1" 200 1308
INFO 2025-08-16 11:13:21,605 basehttp 20896 27872 "GET /api/homepage/ HTTP/1.1" 200 1308
INFO 2025-08-16 11:13:21,619 basehttp 20896 30840 "GET /api/homepage/ HTTP/1.1" 200 1308
INFO 2025-08-16 11:32:03,180 basehttp 20896 35492 "GET /api/homepage/ HTTP/1.1" 200 1308
INFO 2025-08-16 11:32:03,185 basehttp 20896 34296 "GET /api/homepage/ HTTP/1.1" 200 1308
INFO 2025-08-16 11:34:48,260 basehttp 20896 5764 "GET /api/homepage/ HTTP/1.1" 200 1308
INFO 2025-08-16 11:34:48,260 basehttp 20896 23276 "GET /api/homepage/ HTTP/1.1" 200 1308
INFO 2025-08-16 11:41:17,682 basehttp 20896 16136 "GET /api/homepage/ HTTP/1.1" 200 1308
INFO 2025-08-16 11:41:17,692 basehttp 20896 16136 "GET /api/homepage/ HTTP/1.1" 200 1308
INFO 2025-08-16 11:41:18,655 basehttp 20896 16136 "GET /api/homepage/ HTTP/1.1" 200 1308
INFO 2025-08-16 11:41:18,663 basehttp 20896 7280 "GET /api/homepage/ HTTP/1.1" 200 1308
INFO 2025-08-16 11:41:29,674 basehttp 20896 7280 "GET /api/homepage/ HTTP/1.1" 200 1308
INFO 2025-08-16 11:41:29,689 basehttp 20896 16136 "GET /api/homepage/ HTTP/1.1" 200 1308
INFO 2025-08-16 11:41:52,363 basehttp 20896 16136 "GET /api/homepage/ HTTP/1.1" 200 1308
INFO 2025-08-16 11:41:52,383 basehttp 20896 7280 "GET /api/homepage/ HTTP/1.1" 200 1308
INFO 2025-08-16 11:41:54,527 basehttp 20896 16136 "GET /api/homepage/ HTTP/1.1" 200 1308
INFO 2025-08-16 11:41:54,527 basehttp 20896 7280 "GET /api/homepage/ HTTP/1.1" 200 1308
INFO 2025-08-16 11:42:09,227 basehttp 20896 16136 "GET /api/homepage/ HTTP/1.1" 200 1308
INFO 2025-08-16 11:42:09,241 basehttp 20896 7280 "GET /api/homepage/ HTTP/1.1" 200 1308
INFO 2025-08-16 11:42:16,010 basehttp 20896 7280 "GET /api/homepage/ HTTP/1.1" 200 1308
INFO 2025-08-16 11:42:16,032 basehttp 20896 16136 "GET /api/homepage/ HTTP/1.1" 200 1308
INFO 2025-08-16 11:43:13,444 basehttp 20896 16136 "GET /api/homepage/ HTTP/1.1" 200 1308
INFO 2025-08-16 11:43:13,523 basehttp 20896 7280 "GET /api/homepage/ HTTP/1.1" 200 1308
INFO 2025-08-16 11:47:50,123 basehttp 20896 7280 "GET /api/homepage/ HTTP/1.1" 200 1308
INFO 2025-08-16 11:47:50,134 basehttp 20896 16136 "GET /api/homepage/ HTTP/1.1" 200 1308
INFO 2025-08-16 11:48:08,117 basehttp 20896 16136 "GET /api/homepage/ HTTP/1.1" 200 1308
INFO 2025-08-16 11:48:08,126 basehttp 20896 7280 "GET /api/homepage/ HTTP/1.1" 200 1308
INFO 2025-08-16 11:48:11,121 basehttp 20896 7280 "GET /api/homepage/ HTTP/1.1" 200 1308
INFO 2025-08-16 11:48:11,131 basehttp 20896 16136 "GET /api/homepage/ HTTP/1.1" 200 1308
INFO 2025-08-16 11:48:15,113 basehttp 20896 16136 "GET /api/homepage/ HTTP/1.1" 200 1308
INFO 2025-08-16 11:48:15,121 basehttp 20896 7280 "GET /api/homepage/ HTTP/1.1" 200 1308
INFO 2025-08-16 11:48:25,118 basehttp 20896 7280 "GET /api/homepage/ HTTP/1.1" 200 1308
INFO 2025-08-16 11:48:25,126 basehttp 20896 16136 "GET /api/homepage/ HTTP/1.1" 200 1308
INFO 2025-08-16 11:48:27,118 basehttp 20896 16136 "GET /api/homepage/ HTTP/1.1" 200 1308
INFO 2025-08-16 11:48:27,127 basehttp 20896 7280 "GET /api/homepage/ HTTP/1.1" 200 1308
INFO 2025-08-16 11:48:29,142 basehttp 20896 7280 "GET /api/homepage/ HTTP/1.1" 200 1308
INFO 2025-08-16 11:48:29,152 basehttp 20896 16136 "GET /api/homepage/ HTTP/1.1" 200 1308
INFO 2025-08-16 11:48:37,115 basehttp 20896 16136 "GET /api/homepage/ HTTP/1.1" 200 1308
INFO 2025-08-16 11:48:37,123 basehttp 20896 7280 "GET /api/homepage/ HTTP/1.1" 200 1308
INFO 2025-08-16 11:49:01,941 basehttp 20896 7280 "GET /api/homepage/ HTTP/1.1" 200 1308
INFO 2025-08-16 11:49:01,951 basehttp 20896 16136 "GET /api/homepage/ HTTP/1.1" 200 1308
INFO 2025-08-16 11:49:22,739 basehttp 20896 16136 "GET /api/homepage/ HTTP/1.1" 200 1308
INFO 2025-08-16 11:49:22,749 basehttp 20896 7280 "GET /api/homepage/ HTTP/1.1" 200 1308
INFO 2025-08-16 11:58:21,152 basehttp 20896 28444 "GET /api/homepage/ HTTP/1.1" 200 1308
INFO 2025-08-16 11:58:21,170 basehttp 20896 28100 "GET /api/homepage/ HTTP/1.1" 200 1308
